<?xml version="1.0" encoding="UTF-8"?>
<testsuite xmlns:xsi="http://www.w3.org/2001/XMLSchema-instance" xsi:noNamespaceSchemaLocation="https://maven.apache.org/surefire/maven-surefire-plugin/xsd/surefire-test-report.xsd" name="ftims.AppTest" time="0.083" tests="1" errors="0" skipped="0" failures="0">
  <properties>
    <property name="java.specification.version" value="13"/>
    <property name="sun.cpu.isalist" value="amd64"/>
    <property name="sun.jnu.encoding" value="Cp1250"/>
    <property name="java.class.path" value="D:\xd\inf\6 semestr\Sztuczna inteligencja i systemy ekspertowe\ftims\target\test-classes;D:\xd\inf\6 semestr\Sztuczna inteligencja i systemy ekspertowe\ftims\target\classes;C:\Users\Radek\.m2\repository\junit\junit\4.11\junit-4.11.jar;C:\Users\Radek\.m2\repository\org\hamcrest\hamcrest-core\1.3\hamcrest-core-1.3.jar;C:\Users\Radek\.m2\repository\org\projectlombok\lombok\1.18.6\lombok-1.18.6.jar;"/>
    <property name="java.vm.vendor" value="Oracle Corporation"/>
    <property name="sun.arch.data.model" value="64"/>
    <property name="user.variant" value=""/>
    <property name="java.vendor.url" value="https://java.oracle.com/"/>
    <property name="user.timezone" value="Europe/Warsaw"/>
    <property name="os.name" value="Windows 10"/>
    <property name="java.vm.specification.version" value="13"/>
    <property name="sun.java.launcher" value="SUN_STANDARD"/>
    <property name="user.country" value="PL"/>
    <property name="sun.boot.library.path" value="C:\Program Files\Java\jdk-13.0.2\bin"/>
    <property name="sun.java.command" value="C:\Users\Radek\AppData\Local\Temp\surefire8449848143870593664\surefirebooter11148064887873040749.jar C:\Users\Radek\AppData\Local\Temp\surefire8449848143870593664 2020-04-23T13-38-17_731-jvmRun1 surefire10917674186275157580tmp surefire_014023836789577727344tmp"/>
    <property name="jdk.debug" value="release"/>
    <property name="surefire.test.class.path" value="D:\xd\inf\6 semestr\Sztuczna inteligencja i systemy ekspertowe\ftims\target\test-classes;D:\xd\inf\6 semestr\Sztuczna inteligencja i systemy ekspertowe\ftims\target\classes;C:\Users\Radek\.m2\repository\junit\junit\4.11\junit-4.11.jar;C:\Users\Radek\.m2\repository\org\hamcrest\hamcrest-core\1.3\hamcrest-core-1.3.jar;C:\Users\Radek\.m2\repository\org\projectlombok\lombok\1.18.6\lombok-1.18.6.jar;"/>
    <property name="sun.cpu.endian" value="little"/>
    <property name="user.home" value="C:\Users\Radek"/>
    <property name="user.language" value="pl"/>
    <property name="java.specification.vendor" value="Oracle Corporation"/>
    <property name="java.version.date" value="2020-01-14"/>
    <property name="java.home" value="C:\Program Files\Java\jdk-13.0.2"/>
    <property name="file.separator" value="\"/>
    <property name="basedir" value="D:\xd\inf\6 semestr\Sztuczna inteligencja i systemy ekspertowe\ftims"/>
    <property name="java.vm.compressedOopsMode" value="32-bit"/>
    <property name="line.separator" value="&#10;"/>
    <property name="java.vm.specification.vendor" value="Oracle Corporation"/>
    <property name="java.specification.name" value="Java Platform API Specification"/>
    <property name="surefire.real.class.path" value="C:\Users\Radek\AppData\Local\Temp\surefire8449848143870593664\surefirebooter11148064887873040749.jar"/>
    <property name="user.script" value=""/>
    <property name="sun.management.compiler" value="HotSpot 64-Bit Tiered Compilers"/>
    <property name="java.runtime.version" value="13.0.2+8"/>
    <property name="user.name" value="Radek"/>
    <property name="path.separator" value=";"/>
    <property name="os.version" value="10.0"/>
    <property name="java.runtime.name" value="Java(TM) SE Runtime Environment"/>
    <property name="file.encoding" value="Cp1250"/>
    <property name="java.vm.name" value="Java HotSpot(TM) 64-Bit Server VM"/>
    <property name="localRepository" value="C:\Users\Radek\.m2\repository"/>
    <property name="java.vendor.url.bug" value="https://bugreport.java.com/bugreport/"/>
    <property name="java.io.tmpdir" value="C:\Users\Radek\AppData\Local\Temp\"/>
    <property name="java.version" value="13.0.2"/>
    <property name="user.dir" value="D:\xd\inf\6 semestr\Sztuczna inteligencja i systemy ekspertowe\ftims"/>
    <property name="os.arch" value="amd64"/>
    <property name="java.vm.specification.name" value="Java Virtual Machine Specification"/>
    <property name="sun.os.patch.level" value=""/>
    <property name="idea.version2019.3.3" value="true"/>
    <property name="java.library.path" value="C:\Program Files\Java\jdk-13.0.2\bin;C:\WINDOWS\Sun\Java\bin;C:\WINDOWS\system32;C:\WINDOWS;C:\Program Files (x86)\NVIDIA Corporation\PhysX\Common;C:\Program Files\Java\jdk-13.0.2\bin;C:\ProgramData\Oracle\Java\javapath;C:\Program Files (x86)\Common Files\Oracle\Java\javapath;C:\WINDOWS\system32;C:\WINDOWS;C:\WINDOWS\System32\Wbem;C:\WINDOWS\System32\WindowsPowerShell\v1.0\;C:\WINDOWS\System32\OpenSSH\;C:\Program Files\Git\cmd;D:\Program Files\Microsoft SQL Server\Client SDK\ODBC\130\Tools\Binn\;D:\Program Files (x86)\Microsoft SQL Server\140\Tools\Binn\;D:\Program Files\Microsoft SQL Server\140\Tools\Binn\;D:\Program Files\Microsoft SQL Server\140\DTS\Binn\;D:\SDK_Android_Studio\tools;D:\SDK_Android_Studio\platform-tools;C:\Program Files\MiKTeX 2.9\miktex\bin\x64\;D:\Program Files\nodejs\;D:\Program Files\MongoDB\Server\4.2\bin;?D:\apache-maven-3.6.3\bin;C:\Python\Python37-32\Scripts\;C:\Python\Python37-32\;C:\Users\Radek\AppData\Local\Microsoft\WindowsApps;D:\Program Files\sqljdbc\sqljdbc_6.0\enu\auth\x64;D:\Program Files\JetBrains\PyCharm Community Edition 2019.2.1\bin;D:\Program Files\JetBrains\IntelliJ IDEA Community Edition 2019.2.2\bin;D:\Program Files\JetBrains\WebStorm 2019.2.4\bin;C:\Users\Radek\AppData\Roaming\npm;D:\Program Files\heroku\bin;D:\apache-maven-3.6.3\bin;;."/>
    <property name="java.vm.info" value="mixed mode, sharing"/>
    <property name="java.vendor" value="Oracle Corporation"/>
    <property name="java.vm.version" value="13.0.2+8"/>
    <property name="sun.io.unicode.encoding" value="UnicodeLittle"/>
    <property name="java.class.version" value="57.0"/>
  </properties>
  <testcase name="shouldAnswerWithTrue" classname="ftims.AppTest" time="0.003"/>
</testsuite>